<?xml version="1.0" encoding="UTF-8"?>
<!-- Generated by org.testng.reporters.JUnitReportReporter -->
<testsuite skipped="0" hostname="DESKTOP-LSK7SCF" name="com.PageTestPackage.LoginPageTest" tests="1" failures="0" timestamp="02 Jan 2023 20:39:15 GMT" time="9.880" errors="0">
  <testcase name="VerifyLoginTitleTest" time="9.880" classname="com.PageTestPackage.LoginPageTest"/>
</testsuite> <!-- com.PageTestPackage.LoginPageTest -->
